<?xml version="1.0" encoding="UTF-8"?>
<!-- Generated by org.testng.reporters.JUnitReportReporter -->
<testsuite skipped="0" hostname="DESKTOP-Q5LT1M4" name="scripts.WaitClass" tests="1" failures="0" timestamp="03 Mar 2019 09:55:41 GMT" time="16.173" errors="0">
  <testcase name="helloWord" time="16.173" classname="scripts.WaitClass"/>
</testsuite> <!-- scripts.WaitClass -->
