<?xml version="1.0" encoding="UTF-8"?>
<!-- Generated by org.testng.reporters.JUnitReportReporter -->
<testsuite skipped="0" hostname="DESKTOP-Q5LT1M4" name="scripts.GoogleLink" tests="1" failures="0" timestamp="03 Mar 2019 07:45:14 GMT" time="12.116" errors="0">
  <testcase name="printAllGoogleLink" time="12.116" classname="scripts.GoogleLink"/>
</testsuite> <!-- scripts.GoogleLink -->
