<?xml version="1.0" encoding="UTF-8"?>
<!-- Generated by org.testng.reporters.JUnitReportReporter -->
<testsuite skipped="0" hostname="DESKTOP-Q5LT1M4" name="scripts.YahooLogin" tests="1" failures="0" timestamp="03 Mar 2019 07:20:42 GMT" time="180.350" errors="0">
  <testcase name="Yahoo" time="180.350" classname="scripts.YahooLogin"/>
</testsuite> <!-- scripts.YahooLogin -->
